app/src/main/lib/sweetblue/samples/current_time_server/android_studio/app/build/intermediates/proguard-rules/release/aapt_rules.txt
# view AndroidManifest.xml #generated:26
-keep class com.idevicesinc.sweetblue.current_time_server.MyActivity { <init>(...); }