app/src/main/lib/sweetblue/samples/current_time_server/android_studio/app/build/outputs/mapping/release/seeds.txt
com.idevicesinc.sweetblue.current_time_server.MyActivity
com.idevicesinc.sweetblue.current_time_server.MyActivity: MyActivity()
com.idevicesinc.sweetblue.current_time_server.R$dimen: int activity_horizontal_margin
com.idevicesinc.sweetblue.current_time_server.R$dimen: int activity_vertical_margin
com.idevicesinc.sweetblue.current_time_server.R$drawable: int ic_launcher
com.idevicesinc.sweetblue.current_time_server.R$id: int action_settings
com.idevicesinc.sweetblue.current_time_server.R$menu: int my
com.idevicesinc.sweetblue.current_time_server.R$string: int action_settings
com.idevicesinc.sweetblue.current_time_server.R$string: int app_name
com.idevicesinc.sweetblue.current_time_server.R$string: int hello_world
com.idevicesinc.sweetblue.current_time_server.R$style: int AppBaseTheme
com.idevicesinc.sweetblue.current_time_server.R$style: int AppTheme
...
com.idevicesinc.sweetblue.BleDevice$ReadWriteListener$Target: com.idevicesinc.sweetblue.BleDevice$ReadWriteListener$Target[] values()
com.idevicesinc.sweetblue.BleDevice$ReadWriteListener$Target: com.idevicesinc.sweetblue.BleDevice$ReadWriteListener$Target valueOf(java.lang.String)
com.idevicesinc.sweetblue.BleDevice$ReadWriteListener$Type: com.idevicesinc.sweetblue.BleDevice$ReadWriteListener$Type[] values()
com.idevicesinc.sweetblue.BleDevice$ReadWriteListener$Type: com.idevicesinc.sweetblue.BleDevice$ReadWriteListener$Type valueOf(java.lang.String)
com.idevicesinc.sweetblue.BleDeviceConfig$BondFilter$CharacteristicEventType: com.idevicesinc.sweetblue.BleDeviceConfig$BondFilter$CharacteristicEventType[] values()
com.idevicesinc.sweetblue.BleDeviceConfig$BondFilter$CharacteristicEventType: com.idevicesinc.sweetblue.BleDeviceConfig$BondFilter$CharacteristicEventType valueOf(java.lang.String)
com.idevicesinc.sweetblue.BleDeviceOrigin: com.idevicesinc.sweetblue.BleDeviceOrigin[] values()
com.idevicesinc.sweetblue.BleDeviceOrigin: com.idevicesinc.sweetblue.BleDeviceOrigin valueOf(java.lang.String)
com.idevicesinc.sweetblue.BleDeviceState: com.idevicesinc.sweetblue.BleDeviceState[] values()
com.idevicesinc.sweetblue.BleDeviceState: com.idevicesinc.sweetblue.BleDeviceState valueOf(java.lang.String)
com.idevicesinc.sweetblue.BleManager$DiscoveryListener$LifeCycle: com.idevicesinc.sweetblue.BleManager$DiscoveryListener$LifeCycle[] values()
com.idevicesinc.sweetblue.BleManager$DiscoveryListener$LifeCycle: com.idevicesinc.sweetblue.BleManager$DiscoveryListener$LifeCycle valueOf(java.lang.String)
com.idevicesinc.sweetblue.BleManager$ResetListener$Progress: com.idevicesinc.sweetblue.BleManager$ResetListener$Progress[] values()
com.idevicesinc.sweetblue.BleManager$ResetListener$Progress: com.idevicesinc.sweetblue.BleManager$ResetListener$Progress valueOf(java.lang.String)
com.idevicesinc.sweetblue.BleManager$UhOhListener$Remedy: com.idevicesinc.sweetblue.BleManager$UhOhListener$Remedy[] values()
com.idevicesinc.sweetblue.BleManager$UhOhListener$Remedy: com.idevicesinc.sweetblue.BleManager$UhOhListener$Remedy valueOf(java.lang.String)
com.idevicesinc.sweetblue.BleManager$UhOhListener$UhOh: com.idevicesinc.sweetblue.BleManager$UhOhListener$UhOh[] values()
com.idevicesinc.sweetblue.BleManager$UhOhListener$UhOh: com.idevicesinc.sweetblue.BleManager$UhOhListener$UhOh valueOf(java.lang.String)
com.idevicesinc.sweetblue.BleManagerState: com.idevicesinc.sweetblue.BleManagerState[] values()
com.idevicesinc.sweetblue.BleManagerState: com.idevicesinc.sweetblue.BleManagerState valueOf(java.lang.String)
com.idevicesinc.sweetblue.BleNode$ConnectionFailListener$AutoConnectUsage: com.idevicesinc.sweetblue.BleNode$ConnectionFailListener$AutoConnectUsage[] values()
com.idevicesinc.sweetblue.BleNode$ConnectionFailListener$AutoConnectUsage: com.idevicesinc.sweetblue.BleNode$ConnectionFailListener$AutoConnectUsage valueOf(java.lang.String)
com.idevicesinc.sweetblue.BleNode$HistoricalDataLoadListener$Status: com.idevicesinc.sweetblue.BleNode$HistoricalDataLoadListener$Status[] values()
com.idevicesinc.sweetblue.BleNode$HistoricalDataLoadListener$Status: com.idevicesinc.sweetblue.BleNode$HistoricalDataLoadListener$Status valueOf(java.lang.String)
com.idevicesinc.sweetblue.BleNode$HistoricalDataQueryListener$Status: com.idevicesinc.sweetblue.BleNode$HistoricalDataQueryListener$Status[] values()
com.idevicesinc.sweetblue.BleNode$HistoricalDataQueryListener$Status: com.idevicesinc.sweetblue.BleNode$HistoricalDataQueryListener$Status valueOf(java.lang.String)
com.idevicesinc.sweetblue.BleNodeConfig$HistoricalDataLogFilter$Source: com.idevicesinc.sweetblue.BleNodeConfig$HistoricalDataLogFilter$Source[] values()
com.idevicesinc.sweetblue.BleNodeConfig$HistoricalDataLogFilter$Source: com.idevicesinc.sweetblue.BleNodeConfig$HistoricalDataLogFilter$Source valueOf(java.lang.String)