app/src/main/lib/sweetblue/samples/current_time_server/android_studio/app/build/outputs/mapping/release/mapping.txt
com.idevicesinc.sweetblue.current_time_server.MyActivity -> com.idevicesinc.sweetblue.current_time_server.MyActivity:
    void <init>() -> <init>
    void onCreate(android.os.Bundle) -> onCreate
    android.content.IntentFilter newTimeChangeIntentFilter() -> a
    void onResume() -> onResume
    void onPause() -> onPause
com.idevicesinc.sweetblue.current_time_server.MyActivity$1 -> com.idevicesinc.sweetblue.current_time_server.MyActivity$1:
    com.idevicesinc.sweetblue.BleServer val$server -> a
    com.idevicesinc.sweetblue.current_time_server.MyActivity this$0 -> b
    void <init>(com.idevicesinc.sweetblue.current_time_server.MyActivity,com.idevicesinc.sweetblue.BleServer) -> <init>
    void onReceive(android.content.Context,android.content.Intent) -> onReceive
com.idevicesinc.sweetblue.current_time_server.MyActivity$1$1 -> com.idevicesinc.sweetblue.current_time_server.MyActivity$1$1:
    com.idevicesinc.sweetblue.current_time_server.MyActivity$1 this$1 -> a
    void <init>(com.idevicesinc.sweetblue.current_time_server.MyActivity$1) -> <init>
    void next(java.lang.String) -> a
    void next(java.lang.Object) -> a
com.idevicesinc.sweetblue.current_time_server.MyActivity$2 -> com.idevicesinc.sweetblue.current_time_server.MyActivity$2:
    com.idevicesinc.sweetblue.current_time_server.MyActivity this$0 -> a
    void <init>(com.idevicesinc.sweetblue.current_time_server.MyActivity) -> <init>
    com.idevicesinc.sweetblue.BleServer$IncomingListener$Please onEvent(com.idevicesinc.sweetblue.BleServer$IncomingListener$IncomingEvent) -> a
com.idevicesinc.sweetblue.current_time_server.MyActivity$3 -> com.idevicesinc.sweetblue.current_time_server.MyActivity$3:
    com.idevicesinc.sweetblue.current_time_server.MyActivity this$0 -> a
    void <init>(com.idevicesinc.sweetblue.current_time_server.MyActivity) -> <init>
    void onEvent(com.idevicesinc.sweetblue.BleServer$OutgoingListener$OutgoingEvent) -> a
com.idevicesinc.sweetblue.current_time_server.MyActivity$4 -> com.idevicesinc.sweetblue.current_time_server.MyActivity$4:
    com.idevicesinc.sweetblue.current_time_server.MyActivity this$0 -> a
    void <init>(com.idevicesinc.sweetblue.current_time_server.MyActivity) -> <init>
    void onEvent(com.idevicesinc.sweetblue.BleServer$StateListener$StateEvent) -> a
com.idevicesinc.sweetblue.current_time_server.MyActivity$5 -> com.idevicesinc.sweetblue.current_time_server.MyActivity$5:
    com.idevicesinc.sweetblue.BleManager val$mngr -> a
    com.idevicesinc.sweetblue.BleServer val$server -> b
    com.idevicesinc.sweetblue.current_time_server.MyActivity this$0 -> c
    void <init>(com.idevicesinc.sweetblue.current_time_server.MyActivity,com.idevicesinc.sweetblue.BleManager,com.idevicesinc.sweetblue.BleServer) -> <init>
    void onEvent(com.idevicesinc.sweetblue.BleServer$ServiceAddListener$ServiceAddEvent) -> a
com.idevicesinc.sweetblue.current_time_server.MyActivity$5$1 -> com.idevicesinc.sweetblue.current_time_server.MyActivity$5$1:
    com.idevicesinc.sweetblue.current_time_server.MyActivity$5 this$1 -> a
    void <init>(com.idevicesinc.sweetblue.current_time_server.MyActivity$5) -> <init>
    com.idevicesinc.sweetblue.BleManagerConfig$ScanFilter$Please onEvent(com.idevicesinc.sweetblue.BleManagerConfig$ScanFilter$ScanEvent) -> a
com.idevicesinc.sweetblue.current_time_server.MyActivity$5$2 -> com.idevicesinc.sweetblue.current_time_server.MyActivity$5$2:
    com.idevicesinc.sweetblue.current_time_server.MyActivity$5 this$1 -> a
    void <init>(com.idevicesinc.sweetblue.current_time_server.MyActivity$5) -> <init>
    void onEvent(com.idevicesinc.sweetblue.BleManager$DiscoveryListener$DiscoveryEvent) -> a
    void onEvent(com.idevicesinc.sweetblue.utils.Event) -> a
...
com.idevicesinc.sweetblue.utils.UpdateLoop$2 -> com.idevicesinc.sweetblue.c.v$2:
    void <init>() -> <init>
    void onUpdate(double) -> a
com.idevicesinc.sweetblue.utils.UpdateLoop$3 -> com.idevicesinc.sweetblue.c.v$3:
    com.idevicesinc.sweetblue.utils.UpdateLoop this$0 -> a
    void <init>(com.idevicesinc.sweetblue.utils.UpdateLoop) -> <init>
    void run() -> run
com.idevicesinc.sweetblue.utils.UsesCustomNull -> com.idevicesinc.sweetblue.c.w:
    boolean isNull() -> N
com.idevicesinc.sweetblue.utils.Utils -> com.idevicesinc.sweetblue.c.x:
    void <init>() -> <init>
    boolean isLollipop() -> a
    boolean isMarshmallow() -> b
    boolean isKitKat() -> c
    boolean isLocationEnabledForScanning_byManifestPermissions(android.content.Context) -> a
    boolean isLocationEnabledForScanning_byRuntimePermissions(android.content.Context) -> b
    boolean hasManifestPermission(android.content.Context,java.lang.String) -> a
    boolean refreshGatt(android.bluetooth.BluetoothGatt) -> a
    boolean isLocationEnabledForScanning_byOsServices(android.content.Context) -> c
    boolean isLocationEnabledForScanning(android.content.Context) -> d
    boolean phoneHasBondingIssues() -> d
    boolean isManufacturer(java.lang.String) -> a
    boolean isProduct(java.lang.String) -> b
    boolean isOnMainThread() -> e
    boolean isSuccess(int) -> a
    boolean hasPermission(android.content.Context,java.lang.String) -> b
    boolean doForEach_break(java.lang.Object,java.util.List) -> a
    boolean doForEach_break(java.lang.Object,java.lang.Object) -> a
com.idevicesinc.sweetblue.utils.Utils_Byte -> com.idevicesinc.sweetblue.c.y:
    char[] hexArray -> a
    int toBits(com.idevicesinc.sweetblue.utils.BitwiseEnum[]) -> a
    void reverseBytes(byte[]) -> a
    byte[] shortToBytes(short) -> a
    void <clinit>() -> <clinit>
com.idevicesinc.sweetblue.utils.Utils_Reflection -> com.idevicesinc.sweetblue.c.z:
    java.lang.String TAG -> a
    void <init>() -> <init>
    java.lang.String fieldStringValue(java.lang.reflect.Field) -> a
    java.lang.Object staticFieldValue(java.lang.reflect.Field) -> b
    boolean callBooleanReturnMethod(java.lang.Object,java.lang.String,boolean) -> a
    boolean callBooleanReturnMethod(java.lang.Object,java.lang.String,java.lang.Class[],boolean,java.lang.Object[]) -> a
    void <clinit>() -> <clinit>
com.idevicesinc.sweetblue.utils.Utils_Rssi -> com.idevicesinc.sweetblue.c.aa:
    double percent(int,int,int) -> a
com.idevicesinc.sweetblue.utils.Utils_ScanRecord -> com.idevicesinc.sweetblue.c.ab:
    java.lang.String TAG -> a
    android.os.ParcelUuid BASE_UUID -> b
    void <init>() -> <init>
    com.idevicesinc.sweetblue.utils.BleScanInfo parseScanRecord(byte[]) -> a
    java.lang.String parseName(byte[]) -> b
    int parseServiceUuid(byte[],int,int,int,java.util.List) -> a
    byte[] extractBytes(byte[],int,int) -> a
    java.util.UUID parseUuidFrom(byte[]) -> c
    void <clinit>() -> <clinit>
com.idevicesinc.sweetblue.utils.Utils_String -> com.idevicesinc.sweetblue.c.ac:
    java.text.DecimalFormat s_toFixedFormat -> a
    java.lang.String toFixed(double) -> a
    java.lang.String normalizeMacAddress(java.lang.String) -> c
    java.lang.String normalizeMacAddress_replaceDelimiters(java.lang.String) -> d
    java.lang.String normalizeDeviceName(java.lang.String) -> e
    java.lang.String concatStrings(java.lang.String[]) -> a
    java.lang.String toString(int,com.idevicesinc.sweetblue.utils.State[]) -> a
    java.lang.String toString(java.lang.Class,java.lang.Object[]) -> a
    void <clinit>() -> <clinit>
com.idevicesinc.sweetblue.utils.Utils_Time -> com.idevicesinc.sweetblue.c.ad:
    com.idevicesinc.sweetblue.utils.FutureData getFutureTime() -> f
    byte[] getCurrentTime() -> g
    com.idevicesinc.sweetblue.utils.FutureData getFutureLocalTimeInfo() -> h
    byte[] getLocalTimeInfo() -> i