app/src/main/lib/sweetblue/samples/current_time_server/android_studio/app/build/outputs/mapping/release/usage.txt
com.idevicesinc.sweetblue.current_time_server.BuildConfig
com.idevicesinc.sweetblue.current_time_server.MyActivity:
    private static final java.lang.String MY_DEVICE_NAME
com.idevicesinc.sweetblue.current_time_server.R
com.idevicesinc.sweetblue.current_time_server.R$attr
com.idevicesinc.sweetblue.current_time_server.R$dimen
com.idevicesinc.sweetblue.current_time_server.R$drawable
com.idevicesinc.sweetblue.current_time_server.R$id
com.idevicesinc.sweetblue.current_time_server.R$menu
com.idevicesinc.sweetblue.current_time_server.R$string
com.idevicesinc.sweetblue.current_time_server.R$style
...
com.idevicesinc.sweetblue.BleTransaction$Ota:
    38:38:public BleTransaction$Ota()
com.idevicesinc.sweetblue.BleWriteTransaction
com.idevicesinc.sweetblue.BleWriteTransaction$1
com.idevicesinc.sweetblue.BleWriteTransaction$2
com.idevicesinc.sweetblue.BleWriteTransaction$FailListener
com.idevicesinc.sweetblue.BleWriteTransaction$FailListener$Please
com.idevicesinc.sweetblue.BleWriteTransaction$FailListener$Please$Action
com.idevicesinc.sweetblue.BleWriteTransaction$WriteQueueListener
com.idevicesinc.sweetblue.BleWriteTransaction$WriteQueueListener$Please
com.idevicesinc.sweetblue.BuildConfig
com.idevicesinc.sweetblue.DescriptorFilter$DescriptorEvent:
    52:52:public final byte[] value()
    60:60:public final android.bluetooth.BluetoothGattService service()
    68:68:public final android.bluetooth.BluetoothGattCharacteristic characteristc()
    76:76:public final android.bluetooth.BluetoothGattDescriptor descriptor()
com.idevicesinc.sweetblue.DescriptorFilter$Please:
    91:93:private DescriptorFilter$Please(boolean)
    106:106:public static com.idevicesinc.sweetblue.DescriptorFilter$Please accept()
    115:115:public static com.idevicesinc.sweetblue.DescriptorFilter$Please acceptIf(boolean)
    123:123:public static com.idevicesinc.sweetblue.DescriptorFilter$Please deny()
    131:131:public static com.idevicesinc.sweetblue.DescriptorFilter$Please denyIf(boolean)
com.idevicesinc.sweetblue.DeviceStateListener:
    public abstract void onEvent(com.idevicesinc.sweetblue.BleDevice$StateListener$StateEvent)
com.idevicesinc.sweetblue.ManagerStateListener:
    public abstract void onEvent(com.idevicesinc.sweetblue.BleManager$StateListener$StateEvent)
com.idevicesinc.sweetblue.NotificationListener$1
com.idevicesinc.sweetblue.NotificationListener$NotificationEvent:
    245:245:public java.lang.String macAddress()
    263:263:public java.util.UUID serviceUuid()
    306:306:public com.idevicesinc.sweetblue.utils.Interval time_ota()
    319:319:public com.idevicesinc.sweetblue.utils.Interval time_total()
    356:356:public boolean solicited()
    379:379:static com.idevicesinc.sweetblue.NotificationListener$NotificationEvent NULL(com.idevicesinc.sweetblue.BleDevice)
    387:387:public android.bluetooth.BluetoothGattService service()
    395:395:public android.bluetooth.BluetoothGattCharacteristic characteristic()
    403:403:public boolean wasSuccess()
    411:411:public byte data_byte()
    419:419:public java.lang.String data_utf8()
    428:428:public java.lang.String data_string()
    436:436:public java.lang.String data_string(java.lang.String)
    446:454:public int data_int(boolean)
    465:473:public short data_short(boolean)
    484:492:public long data_long(boolean)
com.idevicesinc.sweetblue.NotificationListener$Type:
    190:190:public boolean isNativeNotification()
    199:209:public com.idevicesinc.sweetblue.BleNodeConfig$HistoricalDataLogFilter$Source toHistoricalDataSource()
com.idevicesinc.sweetblue.PA_Handler